Arguments: 
  /usr/local/bin/node /usr/local/bin/yarnpkg install

PATH: 
  /opt/anaconda3/bin:/opt/anaconda3/condabin:/usr/local/bin:/usr/bin:/bin:/usr/sbin:/sbin:/Applications/VMware Fusion.app/Contents/Public

Yarn version: 
  1.22.17

Node version: 
  16.13.0

Platform: 
  darwin x64

Trace: 
  SyntaxError: /Users/julietnkwor/Library/Caches/Yarn/v6/npm-safer-buffer-2.1.2-44fa161b0187b9549dd84bb91802f9bd8385cd6a-integrity/node_modules/safer-buffer/.yarn-metadata.json: Unexpected end of JSON input
      at JSON.parse (<anonymous>)
      at /usr/local/lib/node_modules/yarn/lib/cli.js:1625:59
      at Generator.next (<anonymous>)
      at step (/usr/local/lib/node_modules/yarn/lib/cli.js:310:30)
      at /usr/local/lib/node_modules/yarn/lib/cli.js:321:13

npm manifest: 
  {
    "name": "teslaclone",
    "version": "1.0.0",
    "main": "node_modules/expo/AppEntry.js",
    "scripts": {
      "start": "expo start",
      "android": "expo start --android",
      "ios": "expo start --ios",
      "web": "expo start --web",
      "eject": "expo eject"
    },
    "dependencies": {
      "expo": "~45.0.0",
      "expo-status-bar": "~1.3.0",
      "react": "17.0.2",
      "react-dom": "17.0.2",
      "react-native": "0.68.2",
      "react-native-web": "0.17.7"
    },
    "devDependencies": {
      "@babel/core": "^7.12.9"
    },
    "private": true
  }

yarn manifest: 
  No manifest

Lockfile: 
  No lockfile
